
heart_beat_kill_pid = 23279
heart_beat_timeout = 11
heart: Thu Feb 26 18:13:15 2015: Erlang has closed.
bin/couchdb: line 343: echo: write error: Broken pipe
heart: Thu Feb 26 18:13:15 2015: Executed "bin/couchdb -k" -> 256. Terminating.

heart_beat_kill_pid = 7419
heart_beat_timeout = 11
heart: Fri Feb 27 11:45:57 2015: Erlang has closed.
bin/couchdb: line 343: echo: write error: Broken pipe
heart: Fri Feb 27 11:45:58 2015: Executed "bin/couchdb -k" -> 256. Terminating.

heart_beat_kill_pid = 7626
heart_beat_timeout = 11
heart: Fri Feb 27 11:57:24 2015: Erlang has closed.
bin/couchdb: line 343: echo: write error: Broken pipe
heart: Fri Feb 27 11:57:24 2015: Executed "bin/couchdb -k" -> 256. Terminating.

heart_beat_kill_pid = 8079
heart_beat_timeout = 11
heart: Fri Feb 27 12:08:28 2015: Erlang has closed.
bin/couchdb: line 343: echo: write error: Broken pipe
heart: Fri Feb 27 12:08:28 2015: Executed "bin/couchdb -k" -> 256. Terminating.

heart_beat_kill_pid = 10153
heart_beat_timeout = 11
heart: Fri Feb 27 12:28:24 2015: Erlang has closed.
bin/couchdb: line 343: echo: write error: Broken pipe
heart: Fri Feb 27 12:28:24 2015: Executed "bin/couchdb -k" -> 256. Terminating.

heart_beat_kill_pid = 10621
heart_beat_timeout = 11
heart: Fri Feb 27 12:36:10 2015: Erlang has closed.
bin/couchdb: line 343: echo: write error: Broken pipe
heart: Fri Feb 27 12:36:10 2015: Executed "bin/couchdb -k" -> 256. Terminating.

heart_beat_kill_pid = 10756
heart_beat_timeout = 11
heart: Fri Feb 27 15:05:17 2015: Erlang has closed.
bin/couchdb: line 343: echo: write error: Broken pipe
heart: Fri Feb 27 15:05:17 2015: Executed "bin/couchdb -k" -> 256. Terminating.

heart_beat_kill_pid = 12295
heart_beat_timeout = 11
heart: Fri Feb 27 15:32:58 2015: Erlang has closed.
bin/couchdb: line 343: echo: write error: Broken pipe
heart: Fri Feb 27 15:32:58 2015: Executed "bin/couchdb -k" -> 256. Terminating.

heart_beat_kill_pid = 13189
heart_beat_timeout = 11
heart: Fri Feb 27 15:46:20 2015: Erlang has closed.
bin/couchdb: line 343: echo: write error: Broken pipe
heart: Fri Feb 27 15:46:20 2015: Executed "bin/couchdb -k" -> 256. Terminating.

heart_beat_kill_pid = 14091
heart_beat_timeout = 11
heart: Fri Feb 27 15:51:35 2015: Erlang has closed.
bin/couchdb: line 343: echo: write error: Broken pipe
heart: Fri Feb 27 15:51:35 2015: Executed "bin/couchdb -k" -> 256. Terminating.

heart_beat_kill_pid = 14246
heart_beat_timeout = 11
heart: Fri Feb 27 15:53:02 2015: Erlang has closed.
bin/couchdb: line 343: echo: write error: Broken pipe
heart: Fri Feb 27 15:53:02 2015: Executed "bin/couchdb -k" -> 256. Terminating.

heart_beat_kill_pid = 14452
heart_beat_timeout = 11
heart: Fri Feb 27 16:01:13 2015: Erlang has closed.
bin/couchdb: line 343: echo: write error: Broken pipe
heart: Fri Feb 27 16:01:13 2015: Executed "bin/couchdb -k" -> 256. Terminating.

heart_beat_kill_pid = 14766
heart_beat_timeout = 11
heart: Fri Feb 27 16:05:20 2015: Erlang has closed.
bin/couchdb: line 343: echo: write error: Broken pipe
heart: Fri Feb 27 16:05:20 2015: Executed "bin/couchdb -k" -> 256. Terminating.

heart_beat_kill_pid = 15232
heart_beat_timeout = 11
heart: Fri Feb 27 16:13:42 2015: Erlang has closed.
bin/couchdb: line 343: echo: write error: Broken pipe
heart: Fri Feb 27 16:13:42 2015: Executed "bin/couchdb -k" -> 256. Terminating.

heart_beat_kill_pid = 16647
heart_beat_timeout = 11
heart: Fri Feb 27 17:05:34 2015: Erlang has closed.
bin/couchdb: line 343: echo: write error: Broken pipe
heart: Fri Feb 27 17:05:34 2015: Executed "bin/couchdb -k" -> 256. Terminating.

heart_beat_kill_pid = 16870
heart_beat_timeout = 11
heart: Fri Feb 27 17:44:09 2015: Erlang has closed.
bin/couchdb: line 343: echo: write error: Broken pipe
heart: Fri Feb 27 17:44:09 2015: Executed "bin/couchdb -k" -> 256. Terminating.

heart_beat_kill_pid = 17708
heart_beat_timeout = 11
heart: Fri Feb 27 17:50:27 2015: Erlang has closed.
bin/couchdb: line 343: echo: write error: Broken pipe
heart: Fri Feb 27 17:50:27 2015: Executed "bin/couchdb -k" -> 256. Terminating.

heart_beat_kill_pid = 17839
heart_beat_timeout = 11
heart: Fri Feb 27 17:52:06 2015: Erlang has closed.
bin/couchdb: line 343: echo: write error: Broken pipe
heart: Fri Feb 27 17:52:06 2015: Executed "bin/couchdb -k" -> 256. Terminating.

heart_beat_kill_pid = 17962
heart_beat_timeout = 11
heart: Fri Feb 27 17:53:27 2015: Erlang has closed.
bin/couchdb: line 343: echo: write error: Broken pipe
heart: Fri Feb 27 17:53:27 2015: Executed "bin/couchdb -k" -> 256. Terminating.

heart_beat_kill_pid = 18105
heart_beat_timeout = 11
